Performing C SOURCE FILE Test CMAKE_HAVE_LIBC_PTHREAD failed with the following output:
Change Dir: /home/shubh/catkin_ws/build/orb_slam3_ros/CMakeFiles/CMakeTmp

Run Build Command(s):/usr/bin/make cmTC_4642c/fast && /usr/bin/make -f CMakeFiles/cmTC_4642c.dir/build.make CMakeFiles/cmTC_4642c.dir/build
make[1]: Entering directory '/home/shubh/catkin_ws/build/orb_slam3_ros/CMakeFiles/CMakeTmp'
Building C object CMakeFiles/cmTC_4642c.dir/src.c.o
/usr/bin/cc   -Wall   -O3 -DCMAKE_HAVE_LIBC_PTHREAD   -o CMakeFiles/cmTC_4642c.dir/src.c.o   -c /home/shubh/catkin_ws/build/orb_slam3_ros/CMakeFiles/CMakeTmp/src.c
Linking C executable cmTC_4642c
/usr/bin/cmake -E cmake_link_script CMakeFiles/cmTC_4642c.dir/link.txt --verbose=1
/usr/bin/cc   -Wall   -O3 -DCMAKE_HAVE_LIBC_PTHREAD    -rdynamic CMakeFiles/cmTC_4642c.dir/src.c.o  -o cmTC_4642c 
/usr/bin/ld: CMakeFiles/cmTC_4642c.dir/src.c.o: in function `main':
src.c:(.text.startup+0x29): undefined reference to `pthread_create'
/usr/bin/ld: src.c:(.text.startup+0x32): undefined reference to `pthread_detach'
/usr/bin/ld: src.c:(.text.startup+0x3d): undefined reference to `pthread_join'
collect2: error: ld returned 1 exit status
make[1]: *** [CMakeFiles/cmTC_4642c.dir/build.make:87: cmTC_4642c] Error 1
make[1]: Leaving directory '/home/shubh/catkin_ws/build/orb_slam3_ros/CMakeFiles/CMakeTmp'
make: *** [Makefile:121: cmTC_4642c/fast] Error 2


Source file was:
#include <pthread.h>

void* test_func(void* data)
{
  return data;
}

int main(void)
{
  pthread_t thread;
  pthread_create(&thread, NULL, test_func, NULL);
  pthread_detach(thread);
  pthread_join(thread, NULL);
  pthread_atfork(NULL, NULL, NULL);
  pthread_exit(NULL);

  return 0;
}

Determining if the function pthread_create exists in the pthreads failed with the following output:
Change Dir: /home/shubh/catkin_ws/build/orb_slam3_ros/CMakeFiles/CMakeTmp

Run Build Command(s):/usr/bin/make cmTC_22a3d/fast && /usr/bin/make -f CMakeFiles/cmTC_22a3d.dir/build.make CMakeFiles/cmTC_22a3d.dir/build
make[1]: Entering directory '/home/shubh/catkin_ws/build/orb_slam3_ros/CMakeFiles/CMakeTmp'
Building C object CMakeFiles/cmTC_22a3d.dir/CheckFunctionExists.c.o
/usr/bin/cc   -Wall   -O3 -DCHECK_FUNCTION_EXISTS=pthread_create   -o CMakeFiles/cmTC_22a3d.dir/CheckFunctionExists.c.o   -c /usr/share/cmake-3.16/Modules/CheckFunctionExists.c
Linking C executable cmTC_22a3d
/usr/bin/cmake -E cmake_link_script CMakeFiles/cmTC_22a3d.dir/link.txt --verbose=1
/usr/bin/cc   -Wall   -O3 -DCHECK_FUNCTION_EXISTS=pthread_create    -rdynamic CMakeFiles/cmTC_22a3d.dir/CheckFunctionExists.c.o  -o cmTC_22a3d  -lpthreads 
/usr/bin/ld: cannot find -lpthreads
collect2: error: ld returned 1 exit status
make[1]: *** [CMakeFiles/cmTC_22a3d.dir/build.make:87: cmTC_22a3d] Error 1
make[1]: Leaving directory '/home/shubh/catkin_ws/build/orb_slam3_ros/CMakeFiles/CMakeTmp'
make: *** [Makefile:121: cmTC_22a3d/fast] Error 2



