Symlinking /home/shubh/catkin_ws/devel/include/orb_slam3_ros/SaveMapRequest.h
Symlinking /home/shubh/catkin_ws/devel/include/orb_slam3_ros/SaveMapResponse.h
Symlinking /home/shubh/catkin_ws/devel/include/orb_slam3_ros/SaveMap.h
Symlinking /home/shubh/catkin_ws/devel/share/common-lisp/ros/orb_slam3_ros/srv/_package.lisp
Symlinking /home/shubh/catkin_ws/devel/share/common-lisp/ros/orb_slam3_ros/srv/_package_SaveMap.lisp
Symlinking /home/shubh/catkin_ws/devel/share/common-lisp/ros/orb_slam3_ros/srv/SaveMap.lisp
Symlinking /home/shubh/catkin_ws/devel/share/common-lisp/ros/orb_slam3_ros/srv/orb_slam3_ros-srv.asd
Symlinking /home/shubh/catkin_ws/devel/share/orb_slam3_ros/cmake/orb_slam3_rosConfig.cmake
Symlinking /home/shubh/catkin_ws/devel/share/orb_slam3_ros/cmake/orb_slam3_ros-msg-paths.cmake
Symlinking /home/shubh/catkin_ws/devel/share/orb_slam3_ros/cmake/orb_slam3_ros-msg-extras.cmake
Symlinking /home/shubh/catkin_ws/devel/share/orb_slam3_ros/cmake/orb_slam3_rosConfig-version.cmake
Symlinking /home/shubh/catkin_ws/devel/share/gennodejs/ros/orb_slam3_ros/_index.js
Symlinking /home/shubh/catkin_ws/devel/share/gennodejs/ros/orb_slam3_ros/srv/SaveMap.js
Symlinking /home/shubh/catkin_ws/devel/share/gennodejs/ros/orb_slam3_ros/srv/_index.js
Symlinking /home/shubh/catkin_ws/devel/share/roseus/ros/orb_slam3_ros/manifest.l
Symlinking /home/shubh/catkin_ws/devel/share/roseus/ros/orb_slam3_ros/srv/SaveMap.l
Symlinking /home/shubh/catkin_ws/devel/lib/python3/dist-packages/orb_slam3_ros/__init__.py
Symlinking /home/shubh/catkin_ws/devel/lib/python3/dist-packages/orb_slam3_ros/srv/__init__.py
Symlinking /home/shubh/catkin_ws/devel/lib/python3/dist-packages/orb_slam3_ros/srv/_SaveMap.py
Symlinking /home/shubh/catkin_ws/devel/lib/orb_slam3_ros/ros_rgbd_inertial
Symlinking /home/shubh/catkin_ws/devel/lib/orb_slam3_ros/ros_stereo_inertial
Symlinking /home/shubh/catkin_ws/devel/lib/orb_slam3_ros/ros_stereo
Symlinking /home/shubh/catkin_ws/devel/lib/orb_slam3_ros/ros_mono
Symlinking /home/shubh/catkin_ws/devel/lib/orb_slam3_ros/ros_rgbd
Symlinking /home/shubh/catkin_ws/devel/lib/orb_slam3_ros/ros_mono_inertial
Symlinking /home/shubh/catkin_ws/devel/lib/pkgconfig/orb_slam3_ros.pc
