[35m[1mScanning dependencies of target std_msgs_generate_messages_py[0m
[35m[1mScanning dependencies of target sensor_msgs_generate_messages_py[0m
[35m[1mScanning dependencies of target _tello_driver_generate_messages_check_deps_TelloStatus[0m
[35m[1mScanning dependencies of target nav_msgs_generate_messages_py[0m
[35m[1mScanning dependencies of target geometry_msgs_generate_messages_py[0m
[35m[1mScanning dependencies of target nav_msgs_generate_messages_cpp[0m
[35m[1mScanning dependencies of target std_msgs_generate_messages_cpp[0m
[35m[1mScanning dependencies of target sensor_msgs_generate_messages_cpp[0m
[  0%] Built target nav_msgs_generate_messages_py
[  0%] Built target std_msgs_generate_messages_py
[  0%] Built target geometry_msgs_generate_messages_py
[  0%] Built target nav_msgs_generate_messages_cpp
[  0%] Built target std_msgs_generate_messages_cpp
[  0%] Built target sensor_msgs_generate_messages_py
[  0%] Built target sensor_msgs_generate_messages_cpp
[35m[1mScanning dependencies of target geometry_msgs_generate_messages_cpp[0m
[35m[1mScanning dependencies of target nav_msgs_generate_messages_eus[0m
[35m[1mScanning dependencies of target sensor_msgs_generate_messages_eus[0m
[35m[1mScanning dependencies of target std_msgs_generate_messages_eus[0m
[35m[1mScanning dependencies of target nav_msgs_generate_messages_lisp[0m
[35m[1mScanning dependencies of target geometry_msgs_generate_messages_eus[0m
[  0%] Built target geometry_msgs_generate_messages_cpp
[35m[1mScanning dependencies of target std_msgs_generate_messages_lisp[0m
[  0%] Built target sensor_msgs_generate_messages_eus
[  0%] Built target std_msgs_generate_messages_eus
[  0%] Built target nav_msgs_generate_messages_eus
[  0%] Built target nav_msgs_generate_messages_lisp
[  0%] Built target std_msgs_generate_messages_lisp
[35m[1mScanning dependencies of target geometry_msgs_generate_messages_lisp[0m
[35m[1mScanning dependencies of target geometry_msgs_generate_messages_nodejs[0m
[35m[1mScanning dependencies of target sensor_msgs_generate_messages_lisp[0m
[  0%] Built target geometry_msgs_generate_messages_eus
[35m[1mScanning dependencies of target std_msgs_generate_messages_nodejs[0m
[35m[1mScanning dependencies of target nav_msgs_generate_messages_nodejs[0m
[  0%] Built target geometry_msgs_generate_messages_lisp
[  0%] Built target _tello_driver_generate_messages_check_deps_TelloStatus
[35m[1mScanning dependencies of target sensor_msgs_generate_messages_nodejs[0m
[35m[1mScanning dependencies of target tello_driver_gencfg[0m
[  0%] Built target geometry_msgs_generate_messages_nodejs
[  0%] Built target sensor_msgs_generate_messages_lisp
[  0%] Built target std_msgs_generate_messages_nodejs
[  0%] Built target sensor_msgs_generate_messages_nodejs
[  0%] Built target nav_msgs_generate_messages_nodejs
[35m[1mScanning dependencies of target tello_driver_generate_messages_py[0m
[35m[1mScanning dependencies of target tello_driver_generate_messages_cpp[0m
[ 12%] [34m[1mGenerating dynamic reconfigure files from cfg/Tello.cfg: /home/shubh/catkin_ws/devel/.private/tello_driver/include/tello_driver/TelloConfig.h /home/shubh/catkin_ws/devel/.private/tello_driver/lib/python3/dist-packages/tello_driver/cfg/TelloConfig.py[0m
[35m[1mScanning dependencies of target tello_driver_generate_messages_eus[0m
[35m[1mScanning dependencies of target tello_driver_generate_messages_lisp[0m
[35m[1mScanning dependencies of target tello_driver_generate_messages_nodejs[0m
[ 25%] [34m[1mGenerating Python from MSG tello_driver/TelloStatus[0m
[ 37%] [34m[1mGenerating C++ code from tello_driver/TelloStatus.msg[0m
[ 62%] [34m[1mGenerating EusLisp code from tello_driver/TelloStatus.msg[0m
[ 62%] [34m[1mGenerating EusLisp manifest code for tello_driver[0m
[ 75%] [34m[1mGenerating Lisp code from tello_driver/TelloStatus.msg[0m
[ 87%] [34m[1mGenerating Javascript code from tello_driver/TelloStatus.msg[0m
[ 87%] Built target tello_driver_generate_messages_lisp
[ 87%] Built target tello_driver_generate_messages_nodejs
Generating reconfiguration files for Tello in tello_driver
Wrote header file in /home/shubh/catkin_ws/devel/.private/tello_driver/include/tello_driver/TelloConfig.h
[ 87%] Built target tello_driver_gencfg
[ 87%] Built target tello_driver_generate_messages_cpp
[100%] [34m[1mGenerating Python msg __init__.py for tello_driver[0m
[100%] Built target tello_driver_generate_messages_eus
[100%] Built target tello_driver_generate_messages_py
[35m[1mScanning dependencies of target tello_driver_generate_messages[0m
[100%] Built target tello_driver_generate_messages
